<?xml version="1.0" encoding="UTF-8"?>
<!-- Generated by org.testng.reporters.JUnitXMLReporter -->
<testsuite ignored="6" hostname="DESKTOP-20NQCTU" failures="0" tests="0" name="Default test" time="15.4" errors="0" timestamp="2023-11-03T22:28:51 IST">
  <testcase classname="com.testCases.TestCases" name="placeOrder" time="0.0">
    <ignored/>
  </testcase> <!-- placeOrder -->
  <testcase classname="com.testCases.TestCases" name="addToCardButton" time="0.0">
    <ignored/>
  </testcase> <!-- addToCardButton -->
  <testcase classname="com.testCases.TestCases" name="sortingProductByHighToLowPrice" time="0.0">
    <ignored/>
  </testcase> <!-- sortingProductByHighToLowPrice -->
  <testcase classname="com.testCases.TestCases" name="sortingProductByLowToHighPrice" time="0.0">
    <ignored/>
  </testcase> <!-- sortingProductByLowToHighPrice -->
  <testcase classname="com.testCases.TestCases" name="orderProducts" time="0.0">
    <ignored/>
  </testcase> <!-- orderProducts -->
  <testcase classname="com.testCases.TestCases" name="searchInvalidProduct" time="0.0">
    <ignored/>
  </testcase> <!-- searchInvalidProduct -->
</testsuite> <!-- Default test -->
